<?xml version="1.0" encoding="UTF-8"?>
<!-- Generated by org.testng.reporters.JUnitReportReporter -->
<testsuite hostname="admin-PC" failures="0" tests="3" name="com.whatuni.tests.LoginPageTest" time="7.448" errors="0" timestamp="12 Jun 2020 12:14:09 GMT" skipped="0">
  <testcase classname="com.whatuni.tests.LoginPageTest" name="verifyLoginPageTitleTest" time="5.078"/>
  <testcase classname="com.whatuni.tests.LoginPageTest" name="verifySignInLinkTest" time="0.173"/>
  <testcase classname="com.whatuni.tests.LoginPageTest" name="verifyLoginTest" time="2.197"/>
</testsuite> <!-- com.whatuni.tests.LoginPageTest -->
