<?xml version="1.0" encoding="UTF-8"?>
<!-- Generated by org.testng.reporters.JUnitReportReporter -->
<testsuite hostname="admin-PC" failures="0" tests="2" name="com.whatuni.tests.HomePageTest$LoginPageTest" time="5.074" errors="0" timestamp="10 Jun 2020 21:40:29 GMT" skipped="1">
  <testcase classname="com.whatuni.tests.HomePageTest$LoginPageTest" name="verifyHomePageTitle" time="5.074"/>
  <testcase classname="com.whatuni.tests.HomePageTest$LoginPageTest" name="verifyHomePageHeader1">
    <skipped/>
  </testcase> <!-- verifyHomePageHeader1 -->
</testsuite> <!-- com.whatuni.tests.HomePageTest$LoginPageTest -->
